# JRE version: Java(TM) SE Runtime Environment (8.0_25-b17) (build 1.8.0_25-b17)
# Java VM: Java HotSpot(TM) 64-Bit Server VM (25.25-b02 mixed mode linux-amd64 compressed oops)
Heap:
 PSYoungGen      total 75264K, used 51685K [0x000000076c800000, 0x0000000772380000, 0x00000007c0000000)
  eden space 64512K, 71% used [0x000000076c800000,0x000000076f54cc40,0x0000000770700000)
  from space 10752K, 49% used [0x0000000771180000,0x00000007716acb10,0x0000000771c00000)
  to   space 10752K, 0% used [0x0000000770700000,0x0000000770700000,0x0000000771180000)
 ParOldGen       total 128000K, used 11187K [0x00000006c5800000, 0x00000006cd500000, 0x000000076c800000)
  object space 128000K, 8% used [0x00000006c5800000,0x00000006c62ece68,0x00000006cd500000)
 Metaspace       used 27889K, capacity 29224K, committed 29488K, reserved 1075200K
  class space    used 3876K, capacity 4089K, committed 4144K, reserved 1048576K
GC Heap History (6 events):
Event: 1.694 GC heap before
{Heap before GC invocations=1 (full 0):
 PSYoungGen      total 75264K, used 61255K [0x000000076c800000, 0x0000000771c00000, 0x00000007c0000000)
  eden space 64512K, 94% used [0x000000076c800000,0x00000007703d1e28,0x0000000770700000)
  from space 10752K, 0% used [0x0000000771180000,0x0000000771180000,0x0000000771c00000)
  to   space 10752K, 0% used [0x0000000770700000,0x0000000770700000,0x0000000771180000)
 ParOldGen       total 172032K, used 0K [0x00000006c5800000, 0x00000006d0000000, 0x000000076c800000)
  object space 172032K, 0% used [0x00000006c5800000,0x00000006c5800000,0x00000006d0000000)
 Metaspace       used 20552K, capacity 21200K, committed 21296K, reserved 1067008K
  class space    used 2946K, capacity 3089K, committed 3120K, reserved 1048576K
Event: 1.708 GC heap after
Heap after GC invocations=1 (full 0):
 PSYoungGen      total 75264K, used 10740K [0x000000076c800000, 0x0000000771c00000, 0x00000007c0000000)
  eden space 64512K, 0% used [0x000000076c800000,0x000000076c800000,0x0000000770700000)
  from space 10752K, 99% used [0x0000000770700000,0x000000077117d268,0x0000000771180000)
  to   space 10752K, 0% used [0x0000000771180000,0x0000000771180000,0x0000000771c00000)
 ParOldGen       total 172032K, used 841K [0x00000006c5800000, 0x00000006d0000000, 0x000000076c800000)
  object space 172032K, 0% used [0x00000006c5800000,0x00000006c58d2748,0x00000006d0000000)
 Metaspace       used 20552K, capacity 21200K, committed 21296K, reserved 1067008K
  class space    used 2946K, capacity 3089K, committed 3120K, reserved 1048576K
}
Event: 1.708 GC heap before
{Heap before GC invocations=2 (full 1):
 PSYoungGen      total 75264K, used 10740K [0x000000076c800000, 0x0000000771c00000, 0x00000007c0000000)
  eden space 64512K, 0% used [0x000000076c800000,0x000000076c800000,0x0000000770700000)
  from space 10752K, 99% used [0x0000000770700000,0x000000077117d268,0x0000000771180000)
  to   space 10752K, 0% used [0x0000000771180000,0x0000000771180000,0x0000000771c00000)
 ParOldGen       total 172032K, used 841K [0x00000006c5800000, 0x00000006d0000000, 0x000000076c800000)
  object space 172032K, 0% used [0x00000006c5800000,0x00000006c58d2748,0x00000006d0000000)
 Metaspace       used 20552K, capacity 21200K, committed 21296K, reserved 1067008K
  class space    used 2946K, capacity 3089K, committed 3120K, reserved 1048576K
Event: 1.762 GC heap after
Heap after GC invocations=2 (full 1):
 PSYoungGen      total 75264K, used 0K [0x000000076c800000, 0x0000000771c00000, 0x00000007c0000000)
  eden space 64512K, 0% used [0x000000076c800000,0x000000076c800000,0x0000000770700000)
  from space 10752K, 0% used [0x0000000770700000,0x0000000770700000,0x0000000771180000)
  to   space 10752K, 0% used [0x0000000771180000,0x0000000771180000,0x0000000771c00000)
 ParOldGen       total 128000K, used 11179K [0x00000006c5800000, 0x00000006cd500000, 0x000000076c800000)
  object space 128000K, 8% used [0x00000006c5800000,0x00000006c62eae68,0x00000006cd500000)
 Metaspace       used 20550K, capacity 21198K, committed 21296K, reserved 1067008K
  class space    used 2946K, capacity 3088K, committed 3120K, reserved 1048576K
}
Event: 69.317 GC heap before
{Heap before GC invocations=3 (full 1):
 PSYoungGen      total 75264K, used 64512K [0x000000076c800000, 0x0000000771c00000, 0x00000007c0000000)
  eden space 64512K, 100% used [0x000000076c800000,0x0000000770700000,0x0000000770700000)
  from space 10752K, 0% used [0x0000000770700000,0x0000000770700000,0x0000000771180000)
  to   space 10752K, 0% used [0x0000000771180000,0x0000000771180000,0x0000000771c00000)
 ParOldGen       total 128000K, used 11179K [0x00000006c5800000, 0x00000006cd500000, 0x000000076c800000)
  object space 128000K, 8% used [0x00000006c5800000,0x00000006c62eae68,0x00000006cd500000)
 Metaspace       used 27563K, capacity 28948K, committed 29232K, reserved 1075200K
  class space    used 3868K, capacity 4083K, committed 4144K, reserved 1048576K
Event: 69.327 GC heap after
Heap after GC invocations=3 (full 1):
 PSYoungGen      total 75264K, used 5298K [0x000000076c800000, 0x0000000772380000, 0x00000007c0000000)
  eden space 64512K, 0% used [0x000000076c800000,0x000000076c800000,0x0000000770700000)
  from space 10752K, 49% used [0x0000000771180000,0x00000007716acb10,0x0000000771c00000)
  to   space 10752K, 0% used [0x0000000770700000,0x0000000770700000,0x0000000771180000)
 ParOldGen       total 128000K, used 11187K [0x00000006c5800000, 0x00000006cd500000, 0x000000076c800000)
  object space 128000K, 8% used [0x00000006c5800000,0x00000006c62ece68,0x00000006cd500000)
 Metaspace       used 27563K, capacity 28948K, committed 29232K, reserved 1075200K
  class space    used 3868K, capacity 4083K, committed 4144K, reserved 1048576K
}

